number,value,datetime_start,datetime_complete,duration,params_breakout_window_hours,params_end_hour,params_min_body_ratio,params_sl_buffer_pts,params_start_hour,params_trail_act,params_trail_dist,params_trail_step,state
0,0.6425377892139836,2026-05-27 04:36:18.039225,2026-05-27 04:36:18.266874,0 days 00:00:00.227649,5,10,0.6000000000000001,30,1,100,100,100,COMPLETE
1,0.7527784439956928,2026-05-27 04:36:18.266930,2026-05-27 04:36:18.577663,0 days 00:00:00.310733,2,9,0.8,150,1,200,100,20,COMPLETE
2,0.4533228050869287,2026-05-27 04:36:18.577703,2026-05-27 04:36:18.863556,0 days 00:00:00.285853,4,8,0.5,120,0,100,200,40,COMPLETE
3,0.698511910239178,2026-05-27 04:36:18.863600,2026-05-27 04:36:19.172808,0 days 00:00:00.309208,2,9,0.6000000000000001,120,1,100,400,20,COMPLETE
4,0.53909527225311,2026-05-27 04:36:19.172850,2026-05-27 04:36:19.317544,0 days 00:00:00.144694,6,10,0.8,60,0,100,400,60,COMPLETE
5,0.49446896794085554,2026-05-27 04:36:19.317582,2026-05-27 04:36:19.647181,0 days 00:00:00.329599,2,8,0.8,60,0,400,200,60,COMPLETE
6,0.7892706821186153,2026-05-27 04:36:19.647222,2026-05-27 04:36:19.970512,0 days 00:00:00.323290,6,6,0.7000000000000001,180,1,600,300,100,COMPLETE
7,0.3541354696413664,2026-05-27 04:36:19.970560,2026-05-27 04:36:20.284745,0 days 00:00:00.314185,2,6,0.5,90,0,200,500,40,COMPLETE
8,0.48698642146595517,2026-05-27 04:36:20.284807,2026-05-27 04:36:20.594199,0 days 00:00:00.309392,2,8,0.8,30,0,600,400,20,COMPLETE
9,0.5194561237934217,2026-05-27 04:36:20.594245,2026-05-27 04:36:20.751554,0 days 00:00:00.157309,5,10,0.7000000000000001,150,0,100,200,20,COMPLETE
10,0.7394247815098655,2026-05-27 04:36:20.751599,2026-05-27 04:36:21.075097,0 days 00:00:00.323498,6,6,0.4,180,2,600,300,100,COMPLETE
11,0.7754204292064923,2026-05-27 04:36:21.075135,2026-05-27 04:36:21.403418,0 days 00:00:00.328283,4,7,0.7000000000000001,180,2,400,100,80,COMPLETE
12,0.45128670833251067,2026-05-27 04:36:21.403460,2026-05-27 04:36:21.677179,0 days 00:00:00.273719,4,7,0.7000000000000001,180,2,400,300,80,COMPLETE
13,0.8112309740924082,2026-05-27 04:36:21.677222,2026-05-27 04:36:21.999200,0 days 00:00:00.321978,3,7,0.7000000000000001,180,2,500,100,80,COMPLETE
14,0.7835383514465453,2026-05-27 04:36:21.999240,2026-05-27 04:36:22.325081,0 days 00:00:00.325841,3,7,0.6000000000000001,150,2,500,500,80,COMPLETE
15,0.567936941849169,2026-05-27 04:36:22.325120,2026-05-27 04:36:22.644990,0 days 00:00:00.319870,3,6,0.7000000000000001,180,1,500,200,100,COMPLETE
16,0.8352371313185923,2026-05-27 04:36:22.645048,2026-05-27 04:36:22.970237,0 days 00:00:00.325189,3,7,0.6000000000000001,150,1,500,300,80,COMPLETE
17,0.7000927572431617,2026-05-27 04:36:22.970276,2026-05-27 04:36:23.295602,0 days 00:00:00.325326,3,7,0.5,150,2,500,300,80,COMPLETE
18,0.9657134148717228,2026-05-27 04:36:23.295659,2026-05-27 04:36:23.617958,0 days 00:00:00.322299,3,7,0.4,120,1,500,100,60,COMPLETE
19,0.45966140023025964,2026-05-27 04:36:23.617997,2026-05-27 04:36:23.921495,0 days 00:00:00.303498,3,9,0.4,90,1,300,400,40,COMPLETE
20,0.8261966469960095,2026-05-27 04:36:23.921533,2026-05-27 04:36:24.248983,0 days 00:00:00.327450,5,7,0.4,120,1,300,200,60,COMPLETE
21,0.8261966469960095,2026-05-27 04:36:24.249030,2026-05-27 04:36:24.578205,0 days 00:00:00.329175,5,7,0.4,120,1,300,200,60,COMPLETE
22,0.8208509503051649,2026-05-27 04:36:24.578247,2026-05-27 04:36:24.905102,0 days 00:00:00.326855,5,8,0.4,120,1,300,200,60,COMPLETE
23,0.9485731011706441,2026-05-27 04:36:24.905145,2026-05-27 04:36:25.229659,0 days 00:00:00.324514,4,7,0.5,90,1,400,100,60,COMPLETE
24,0.8318874722910886,2026-05-27 04:36:25.229701,2026-05-27 04:36:25.563807,0 days 00:00:00.334106,4,6,0.5,90,1,500,100,40,COMPLETE
25,0.8941498542307502,2026-05-27 04:36:25.563850,2026-05-27 04:36:25.890706,0 days 00:00:00.326856,4,8,0.5,60,1,400,100,60,COMPLETE
26,0.8941498542307502,2026-05-27 04:36:25.890749,2026-05-27 04:36:26.214876,0 days 00:00:00.324127,4,8,0.5,60,1,400,100,60,COMPLETE
27,1.0160474253005023,2026-05-27 04:36:26.214916,2026-05-27 04:36:26.537879,0 days 00:00:00.322963,4,9,0.5,60,1,400,100,40,COMPLETE
28,1.1559402423228773,2026-05-27 04:36:26.537928,2026-05-27 04:36:26.862690,0 days 00:00:00.324762,4,9,0.4,90,1,400,100,40,COMPLETE
29,1.1422612839585273,2026-05-27 04:36:26.862730,2026-05-27 04:36:27.216323,0 days 00:00:00.353593,5,9,0.4,30,1,600,100,40,COMPLETE
30,1.015863230802953,2026-05-27 04:36:27.216365,2026-05-27 04:36:27.547480,0 days 00:00:00.331115,5,9,0.4,30,1,200,100,40,COMPLETE
31,1.015863230802953,2026-05-27 04:36:27.547529,2026-05-27 04:36:27.890770,0 days 00:00:00.343241,5,9,0.4,30,1,200,100,40,COMPLETE
32,1.015863230802953,2026-05-27 04:36:27.890817,2026-05-27 04:36:28.216352,0 days 00:00:00.325535,5,9,0.4,30,1,200,100,40,COMPLETE
33,1.154496075731263,2026-05-27 04:36:28.216393,2026-05-27 04:36:28.545129,0 days 00:00:00.328736,4,9,0.4,30,1,300,100,40,COMPLETE
34,0.6254382593260822,2026-05-27 04:36:28.545178,2026-05-27 04:36:28.736770,0 days 00:00:00.191592,4,10,0.5,60,1,300,200,20,COMPLETE
35,0.7376534937169433,2026-05-27 04:36:28.736806,2026-05-27 04:36:29.001765,0 days 00:00:00.264959,4,10,0.4,30,1,300,100,40,COMPLETE
36,0.8852805060913962,2026-05-27 04:36:29.001807,2026-05-27 04:36:29.325163,0 days 00:00:00.323356,4,9,0.5,60,0,600,200,20,COMPLETE
37,0.997179362300037,2026-05-27 04:36:29.325218,2026-05-27 04:36:29.651413,0 days 00:00:00.326195,4,9,0.6000000000000001,30,1,400,100,40,COMPLETE
38,0.7800578144302328,2026-05-27 04:36:29.651459,2026-05-27 04:36:29.923885,0 days 00:00:00.272426,6,9,0.4,60,0,300,100,40,COMPLETE
39,1.0099914168204616,2026-05-27 04:36:29.923925,2026-05-27 04:36:30.256013,0 days 00:00:00.332088,5,9,0.5,30,1,600,200,20,COMPLETE
40,0.7601258282377018,2026-05-27 04:36:30.256056,2026-05-27 04:36:30.519127,0 days 00:00:00.263071,4,10,0.4,60,1,400,100,20,COMPLETE
41,1.015863230802953,2026-05-27 04:36:30.519167,2026-05-27 04:36:30.849658,0 days 00:00:00.330491,5,9,0.4,30,1,200,100,40,COMPLETE
42,0.6566139650898425,2026-05-27 04:36:30.849716,2026-05-27 04:36:31.146304,0 days 00:00:00.296588,5,9,0.4,30,1,100,100,40,COMPLETE
43,0.6959416228649198,2026-05-27 04:36:31.146345,2026-05-27 04:36:31.329819,0 days 00:00:00.183474,6,10,0.4,30,1,200,100,40,COMPLETE
44,0.548364289095529,2026-05-27 04:36:31.329862,2026-05-27 04:36:31.521181,0 days 00:00:00.191319,5,9,0.4,60,0,200,200,40,COMPLETE
45,0.6576379625575384,2026-05-27 04:36:31.521221,2026-05-27 04:36:31.809714,0 days 00:00:00.288493,5,9,0.5,90,1,100,100,40,COMPLETE
46,0.7171823900507662,2026-05-27 04:36:31.809759,2026-05-27 04:36:32.105108,0 days 00:00:00.295349,6,8,0.4,30,1,300,100,20,COMPLETE
47,0.8245892483980737,2026-05-27 04:36:32.105151,2026-05-27 04:36:32.481794,0 days 00:00:00.376643,4,8,0.5,60,2,400,100,40,COMPLETE
48,0.8341283782374755,2026-05-27 04:36:32.481845,2026-05-27 04:36:32.840860,0 days 00:00:00.359015,4,9,0.4,30,0,200,200,20,COMPLETE
49,0.47009185807488996,2026-05-27 04:36:32.840907,2026-05-27 04:36:32.985922,0 days 00:00:00.145015,5,10,0.5,60,1,100,200,40,COMPLETE
