number,value,datetime_start,datetime_complete,duration,params_bb_dev,params_bb_period,params_rsi_ob,params_rsi_os,params_rsi_period,params_shadow_mult,state
0,-10.0,2026-05-27 04:38:20.094242,2026-05-27 04:38:20.751992,0 days 00:00:00.657750,3.0,80,77,18,41,1.25,COMPLETE
1,-10.0,2026-05-27 04:38:20.752029,2026-05-27 04:38:21.410324,0 days 00:00:00.658295,2.8,20,79,15,36,3.0,COMPLETE
2,-10.0,2026-05-27 04:38:21.410362,2026-05-27 04:38:22.072878,0 days 00:00:00.662516,1.8,180,68,21,20,2.0,COMPLETE
3,-10.0,2026-05-27 04:38:22.072914,2026-05-27 04:38:22.728494,0 days 00:00:00.655580,1.9,100,67,21,36,1.75,COMPLETE
4,0.05688714655807249,2026-05-27 04:38:22.728538,2026-05-27 04:38:23.372371,0 days 00:00:00.643833,2.7,100,75,27,21,1.0,COMPLETE
5,0.0047603935258648065,2026-05-27 04:38:23.372407,2026-05-27 04:38:23.833510,0 days 00:00:00.461103,1.7,140,84,35,16,2.75,COMPLETE
6,-10.0,2026-05-27 04:38:23.833547,2026-05-27 04:38:24.483378,0 days 00:00:00.649831,1.6,80,74,17,39,2.0,COMPLETE
7,-10.0,2026-05-27 04:38:24.483418,2026-05-27 04:38:25.130700,0 days 00:00:00.647282,2.9000000000000004,20,78,21,23,2.0,COMPLETE
8,-10.0,2026-05-27 04:38:25.130749,2026-05-27 04:38:25.787437,0 days 00:00:00.656688,1.7,120,81,34,49,3.0,COMPLETE
9,0.14805382546658882,2026-05-27 04:38:25.787473,2026-05-27 04:38:26.363250,0 days 00:00:00.575777,2.9000000000000004,120,69,15,17,1.5,COMPLETE
10,-10.0,2026-05-27 04:38:26.363286,2026-05-27 04:38:27.017460,0 days 00:00:00.654174,2.4,200,71,28,27,1.5,COMPLETE
11,-10.0,2026-05-27 04:38:27.017505,2026-05-27 04:38:27.690517,0 days 00:00:00.673012,2.5,140,72,28,15,1.0,COMPLETE
12,0.0014162968558209805,2026-05-27 04:38:27.690561,2026-05-27 04:38:28.098087,0 days 00:00:00.407526,2.6,60,65,26,28,1.0,COMPLETE
13,-10.0,2026-05-27 04:38:28.098126,2026-05-27 04:38:28.756659,0 days 00:00:00.658533,2.1,160,70,31,21,1.5,COMPLETE
14,-10.0,2026-05-27 04:38:28.756706,2026-05-27 04:38:29.419404,0 days 00:00:00.662698,2.7,120,74,24,14,1.25,COMPLETE
15,-10.0,2026-05-27 04:38:29.419450,2026-05-27 04:38:30.080208,0 days 00:00:00.660758,2.2,80,75,24,27,2.5,COMPLETE
16,-10.0,2026-05-27 04:38:30.080258,2026-05-27 04:38:30.755151,0 days 00:00:00.674893,3.0,60,69,31,19,1.5,COMPLETE
17,0.00801924619085809,2026-05-27 04:38:30.755187,2026-05-27 04:38:31.185945,0 days 00:00:00.430758,2.4,140,65,27,31,1.0,COMPLETE
18,0.1739923179577851,2026-05-27 04:38:31.185986,2026-05-27 04:38:31.845461,0 days 00:00:00.659475,2.7,100,72,31,23,1.25,COMPLETE
19,-10.0,2026-05-27 04:38:31.845498,2026-05-27 04:38:32.514349,0 days 00:00:00.668851,2.8,160,72,31,24,2.25,COMPLETE
20,0.05945551789339497,2026-05-27 04:38:32.514409,2026-05-27 04:38:32.958918,0 days 00:00:00.444509,2.5,60,67,33,18,1.75,COMPLETE
21,0.07294028630965223,2026-05-27 04:38:32.958959,2026-05-27 04:38:33.393745,0 days 00:00:00.434786,2.5,40,68,33,18,1.75,COMPLETE
22,0.2900450680299815,2026-05-27 04:38:33.393787,2026-05-27 04:38:34.055934,0 days 00:00:00.662147,2.3,40,70,32,24,1.75,COMPLETE
23,0.21220322511535736,2026-05-27 04:38:34.055970,2026-05-27 04:38:34.715004,0 days 00:00:00.659034,2.1,40,72,30,24,1.25,COMPLETE
24,0.11545721969396626,2026-05-27 04:38:34.715052,2026-05-27 04:38:35.370605,0 days 00:00:00.655553,2.1,40,73,30,25,1.25,COMPLETE
25,0.0708743574873801,2026-05-27 04:38:35.370640,2026-05-27 04:38:36.017468,0 days 00:00:00.646828,2.0,40,71,30,31,1.25,COMPLETE
26,-10.0,2026-05-27 04:38:36.017516,2026-05-27 04:38:36.702754,0 days 00:00:00.685238,2.3,20,73,33,29,2.25,COMPLETE
27,-10.0,2026-05-27 04:38:36.702796,2026-05-27 04:38:37.372479,0 days 00:00:00.669683,2.2,40,76,29,34,1.75,COMPLETE
28,-10.0,2026-05-27 04:38:37.372518,2026-05-27 04:38:38.284283,0 days 00:00:00.911765,2.0,60,70,35,23,1.25,COMPLETE
29,-10.0,2026-05-27 04:38:38.284324,2026-05-27 04:38:39.070519,0 days 00:00:00.786195,2.4,80,77,32,45,1.25,COMPLETE
30,-10.0,2026-05-27 04:38:39.070556,2026-05-27 04:38:39.773084,0 days 00:00:00.702528,2.3,100,80,25,25,1.5,COMPLETE
31,0.09428172412427695,2026-05-27 04:38:39.773130,2026-05-27 04:38:40.370226,0 days 00:00:00.597096,3.0,120,69,19,17,1.5,COMPLETE
32,-10.0,2026-05-27 04:38:40.370262,2026-05-27 04:38:41.067495,0 days 00:00:00.697233,2.8,20,70,15,22,1.5,COMPLETE
33,0.010022718161165258,2026-05-27 04:38:41.067534,2026-05-27 04:38:41.513630,0 days 00:00:00.446096,2.9000000000000004,80,67,29,20,1.75,COMPLETE
34,-10.0,2026-05-27 04:38:41.513666,2026-05-27 04:38:42.233253,0 days 00:00:00.719587,2.7,160,72,23,26,1.25,COMPLETE
35,0.011132592892210438,2026-05-27 04:38:42.233310,2026-05-27 04:38:42.936808,0 days 00:00:00.703498,2.9000000000000004,100,68,19,29,1.75,COMPLETE
36,0.259605036010217,2026-05-27 04:38:42.936856,2026-05-27 04:38:43.709852,0 days 00:00:00.772996,1.9,120,71,32,16,2.25,COMPLETE
37,-10.0,2026-05-27 04:38:43.709916,2026-05-27 04:38:44.433093,0 days 00:00:00.723177,1.9,180,74,32,34,2.25,COMPLETE
38,-10.0,2026-05-27 04:38:44.433160,2026-05-27 04:38:45.107586,0 days 00:00:00.674426,1.5,80,71,34,21,2.5,COMPLETE
39,0.004828918322295774,2026-05-27 04:38:45.107622,2026-05-27 04:38:45.544141,0 days 00:00:00.436519,1.8,20,76,30,14,2.0,COMPLETE
40,-10.0,2026-05-27 04:38:45.544191,2026-05-27 04:38:46.277710,0 days 00:00:00.733519,1.9,100,73,32,23,2.5,COMPLETE
41,0.0668414720516577,2026-05-27 04:38:46.277754,2026-05-27 04:38:46.802442,0 days 00:00:00.524688,2.1,120,69,34,16,2.0,COMPLETE
42,0.0071493565579097825,2026-05-27 04:38:46.802487,2026-05-27 04:38:47.402127,0 days 00:00:00.599640,1.8,140,71,29,19,2.75,COMPLETE
43,-10.0,2026-05-27 04:38:47.402166,2026-05-27 04:38:48.144851,0 days 00:00:00.742685,2.0,120,66,16,16,1.0,COMPLETE
44,0.009354536950420907,2026-05-27 04:38:48.144895,2026-05-27 04:38:48.602054,0 days 00:00:00.457159,2.6,100,70,35,20,1.5,COMPLETE
45,-10.0,2026-05-27 04:38:48.602099,2026-05-27 04:38:49.295634,0 days 00:00:00.693535,2.2,140,72,22,17,2.25,COMPLETE
46,-10.0,2026-05-27 04:38:49.295671,2026-05-27 04:38:49.985907,0 days 00:00:00.690236,2.9000000000000004,120,84,27,22,1.5,COMPLETE
47,-10.0,2026-05-27 04:38:49.985945,2026-05-27 04:38:50.672227,0 days 00:00:00.686282,2.6,60,82,28,14,1.0,COMPLETE
48,-10.0,2026-05-27 04:38:50.672265,2026-05-27 04:38:51.412202,0 days 00:00:00.739937,1.6,200,74,31,26,2.0,COMPLETE
49,-10.0,2026-05-27 04:38:51.412237,2026-05-27 04:38:52.103412,0 days 00:00:00.691175,2.1,40,69,26,41,1.25,COMPLETE
