number,value,datetime_start,datetime_complete,duration,params_buffer,params_sl_buffer,params_ta,params_td,params_ts,state
0,0.2893224900121119,2026-05-27 04:36:32.993885,2026-05-27 04:36:33.039506,0 days 00:00:00.045621,40,80,1250,1000,100,COMPLETE
1,0.6120628459097892,2026-05-27 04:36:33.039556,2026-05-27 04:36:33.094782,0 days 00:00:00.055226,20,10,1500,1250,400,COMPLETE
2,0.7998648579604714,2026-05-27 04:36:33.094822,2026-05-27 04:36:33.155985,0 days 00:00:00.061163,10,80,1500,750,100,COMPLETE
3,0.3410559236339955,2026-05-27 04:36:33.156052,2026-05-27 04:36:33.193677,0 days 00:00:00.037625,20,30,1000,1000,200,COMPLETE
4,0.25283494486096686,2026-05-27 04:36:33.193731,2026-05-27 04:36:33.230497,0 days 00:00:00.036766,70,20,750,750,300,COMPLETE
5,0.26549442150712327,2026-05-27 04:36:33.230537,2026-05-27 04:36:33.268613,0 days 00:00:00.038076,80,20,1000,1000,100,COMPLETE
6,0.7626513706293399,2026-05-27 04:36:33.268702,2026-05-27 04:36:33.345403,0 days 00:00:00.076701,70,20,500,1500,500,COMPLETE
7,0.6645193991170987,2026-05-27 04:36:33.345450,2026-05-27 04:36:33.411013,0 days 00:00:00.065563,90,30,500,1250,300,COMPLETE
8,0.31300797339684794,2026-05-27 04:36:33.411065,2026-05-27 04:36:33.451592,0 days 00:00:00.040527,20,40,500,1500,200,COMPLETE
9,0.27178084350242,2026-05-27 04:36:33.451635,2026-05-27 04:36:33.490262,0 days 00:00:00.038627,70,30,1000,1000,100,COMPLETE
10,0.7837196141941812,2026-05-27 04:36:33.490310,2026-05-27 04:36:33.559157,0 days 00:00:00.068847,40,80,1500,500,200,COMPLETE
11,0.7837196141941812,2026-05-27 04:36:33.559196,2026-05-27 04:36:33.626057,0 days 00:00:00.066861,40,80,1500,500,200,COMPLETE
12,0.7866489941522244,2026-05-27 04:36:33.626098,2026-05-27 04:36:33.693233,0 days 00:00:00.067135,40,60,1500,500,200,COMPLETE
13,0.35878017511961025,2026-05-27 04:36:33.693270,2026-05-27 04:36:33.731405,0 days 00:00:00.038135,10,60,1250,750,100,COMPLETE
14,0.3243287430609604,2026-05-27 04:36:33.731441,2026-05-27 04:36:33.771995,0 days 00:00:00.040554,50,60,1250,750,200,COMPLETE
15,0.8047980304975885,2026-05-27 04:36:33.772035,2026-05-27 04:36:33.839590,0 days 00:00:00.067555,10,60,1500,500,400,COMPLETE
16,0.36232741654208794,2026-05-27 04:36:33.839631,2026-05-27 04:36:33.877575,0 days 00:00:00.037944,10,70,1250,750,400,COMPLETE
17,0.7746231295849145,2026-05-27 04:36:33.877619,2026-05-27 04:36:33.940667,0 days 00:00:00.063048,30,50,1500,500,500,COMPLETE
18,0.22883020802584392,2026-05-27 04:36:33.940739,2026-05-27 04:36:33.978243,0 days 00:00:00.037504,100,70,750,750,400,COMPLETE
19,0.7904713869427469,2026-05-27 04:36:33.978283,2026-05-27 04:36:34.040080,0 days 00:00:00.061797,10,70,1250,500,400,COMPLETE
20,0.7778317890390727,2026-05-27 04:36:34.040123,2026-05-27 04:36:34.105503,0 days 00:00:00.065380,30,50,1500,750,300,COMPLETE
21,0.7904713869427469,2026-05-27 04:36:34.105540,2026-05-27 04:36:34.167671,0 days 00:00:00.062131,10,70,1250,500,400,COMPLETE
22,0.7930500297310299,2026-05-27 04:36:34.167716,2026-05-27 04:36:34.230706,0 days 00:00:00.062990,10,70,1250,500,500,COMPLETE
23,0.7860362258552911,2026-05-27 04:36:34.230747,2026-05-27 04:36:34.297003,0 days 00:00:00.066256,20,60,1500,500,500,COMPLETE
24,0.32774077625713705,2026-05-27 04:36:34.297046,2026-05-27 04:36:34.356881,0 days 00:00:00.059835,30,80,1250,750,500,COMPLETE
25,0.8100846584366909,2026-05-27 04:36:34.356954,2026-05-27 04:36:34.443541,0 days 00:00:00.086587,10,70,1500,500,500,COMPLETE
26,0.7710198716658732,2026-05-27 04:36:34.443604,2026-05-27 04:36:34.517632,0 days 00:00:00.074028,20,50,1500,750,300,COMPLETE
27,0.7864941451057983,2026-05-27 04:36:34.517681,2026-05-27 04:36:34.588710,0 days 00:00:00.071029,50,60,1500,500,400,COMPLETE
28,0.293361468942323,2026-05-27 04:36:34.588763,2026-05-27 04:36:34.631846,0 days 00:00:00.043083,30,80,750,750,500,COMPLETE
29,0.7725685144022549,2026-05-27 04:36:34.631898,2026-05-27 04:36:34.697112,0 days 00:00:00.065214,10,70,1250,500,300,COMPLETE
30,0.7190176557931766,2026-05-27 04:36:34.697184,2026-05-27 04:36:34.761836,0 days 00:00:00.064652,20,40,1500,1000,400,COMPLETE
31,0.7930500297310299,2026-05-27 04:36:34.761876,2026-05-27 04:36:34.832049,0 days 00:00:00.070173,10,70,1250,500,500,COMPLETE
32,0.8166779250034313,2026-05-27 04:36:34.832096,2026-05-27 04:36:34.906598,0 days 00:00:00.074502,10,80,1500,500,500,COMPLETE
33,0.7914159896250673,2026-05-27 04:36:34.906640,2026-05-27 04:36:34.975392,0 days 00:00:00.068752,20,80,1500,500,500,COMPLETE
34,0.7096303700805785,2026-05-27 04:36:34.975437,2026-05-27 04:36:35.042986,0 days 00:00:00.067549,30,80,1500,1250,400,COMPLETE
35,0.7621342235850739,2026-05-27 04:36:35.043022,2026-05-27 04:36:35.107058,0 days 00:00:00.064036,20,80,1500,750,500,COMPLETE
36,0.2301829939980962,2026-05-27 04:36:35.107112,2026-05-27 04:36:35.147370,0 days 00:00:00.040258,60,70,1000,500,400,COMPLETE
37,0.7813205092033114,2026-05-27 04:36:35.147409,2026-05-27 04:36:35.217319,0 days 00:00:00.069910,10,10,1500,750,500,COMPLETE
38,0.3317789469385812,2026-05-27 04:36:35.217359,2026-05-27 04:36:35.260537,0 days 00:00:00.043178,20,60,1500,1000,100,COMPLETE
39,0.7427763423072141,2026-05-27 04:36:35.260578,2026-05-27 04:36:35.325125,0 days 00:00:00.064547,20,80,1250,500,400,COMPLETE
40,0.7475296856191953,2026-05-27 04:36:35.325172,2026-05-27 04:36:35.394872,0 days 00:00:00.069700,80,70,1500,1250,500,COMPLETE
41,0.7930500297310299,2026-05-27 04:36:35.394929,2026-05-27 04:36:35.467427,0 days 00:00:00.072498,10,70,1250,500,500,COMPLETE
42,0.7910201624840218,2026-05-27 04:36:35.467576,2026-05-27 04:36:35.561093,0 days 00:00:00.093517,10,80,1250,500,500,COMPLETE
43,0.8100846584366909,2026-05-27 04:36:35.561133,2026-05-27 04:36:35.633657,0 days 00:00:00.072524,10,70,1500,500,500,COMPLETE
44,0.7142579524513909,2026-05-27 04:36:35.633698,2026-05-27 04:36:35.696664,0 days 00:00:00.062966,20,60,1500,1000,400,COMPLETE
45,0.8147077804663593,2026-05-27 04:36:35.696704,2026-05-27 04:36:35.764531,0 days 00:00:00.067827,10,80,1500,500,100,COMPLETE
46,0.7845201127090107,2026-05-27 04:36:35.764569,2026-05-27 04:36:35.834275,0 days 00:00:00.069706,30,80,1500,500,300,COMPLETE
47,0.8100846584366909,2026-05-27 04:36:35.834316,2026-05-27 04:36:35.904317,0 days 00:00:00.070001,10,70,1500,500,500,COMPLETE
48,0.8147077804663593,2026-05-27 04:36:35.904357,2026-05-27 04:36:35.972799,0 days 00:00:00.068442,10,80,1500,500,100,COMPLETE
49,0.32581485864745413,2026-05-27 04:36:35.972845,2026-05-27 04:36:36.012742,0 days 00:00:00.039897,20,80,1000,500,100,COMPLETE
