number,value,datetime_start,datetime_complete,duration,params_fast,params_signal,params_sl_buffer,params_slow,params_ta,params_td,params_ts,state
0,0.7829835998772581,2026-05-27 04:34:23.507417,2026-05-27 04:34:24.663102,0 days 00:00:01.155685,12,10,200,35,500,500,100,COMPLETE
1,1.1055534951583021,2026-05-27 04:34:24.663163,2026-05-27 04:34:25.955634,0 days 00:00:01.292471,18,10,50,29,1500,1500,200,COMPLETE
2,1.0523129869485095,2026-05-27 04:34:25.955720,2026-05-27 04:34:27.240848,0 days 00:00:01.285128,10,7,200,23,1000,750,400,COMPLETE
3,0.8846107192851924,2026-05-27 04:34:27.240896,2026-05-27 04:34:28.447477,0 days 00:00:01.206581,8,7,150,25,1250,500,300,COMPLETE
4,1.1572120447130618,2026-05-27 04:34:28.447525,2026-05-27 04:34:29.705810,0 days 00:00:01.258285,14,9,100,21,500,1500,500,COMPLETE
5,1.1397228074639436,2026-05-27 04:34:29.705877,2026-05-27 04:34:31.084496,0 days 00:00:01.378619,16,5,250,25,1000,500,300,COMPLETE
6,1.226156049627762,2026-05-27 04:34:31.084542,2026-05-27 04:34:32.472520,0 days 00:00:01.387978,8,7,200,35,750,1000,300,COMPLETE
7,1.1470121216500349,2026-05-27 04:34:32.472561,2026-05-27 04:34:33.746613,0 days 00:00:01.274052,10,11,300,35,1500,1000,500,COMPLETE
8,0.8765412089304887,2026-05-27 04:34:33.746655,2026-05-27 04:34:34.932645,0 days 00:00:01.185990,8,5,100,23,750,750,500,COMPLETE
9,1.0317791845668043,2026-05-27 04:34:34.932684,2026-05-27 04:34:36.111437,0 days 00:00:01.178753,12,9,50,25,1500,500,500,COMPLETE
10,1.183297708380221,2026-05-27 04:34:36.111480,2026-05-27 04:34:37.351642,0 days 00:00:01.240162,14,7,300,31,750,1250,200,COMPLETE
11,1.183297708380221,2026-05-27 04:34:37.351682,2026-05-27 04:34:38.574835,0 days 00:00:01.223153,14,7,300,31,750,1250,200,COMPLETE
12,1.2400754762778512,2026-05-27 04:34:38.574909,2026-05-27 04:34:39.785046,0 days 00:00:01.210137,16,6,250,31,750,1250,200,COMPLETE
13,1.0816534369110968,2026-05-27 04:34:39.785085,2026-05-27 04:34:40.943236,0 days 00:00:01.158151,18,6,250,33,750,1000,300,COMPLETE
14,1.22064455286125,2026-05-27 04:34:40.943276,2026-05-27 04:34:42.098806,0 days 00:00:01.155530,16,8,250,33,500,1250,100,COMPLETE
15,1.2216932096268218,2026-05-27 04:34:42.098847,2026-05-27 04:34:43.390581,0 days 00:00:01.291734,16,6,150,29,1000,1000,400,COMPLETE
16,1.2393818414927429,2026-05-27 04:34:43.390623,2026-05-27 04:34:44.557301,0 days 00:00:01.166678,10,6,200,33,1000,1250,200,COMPLETE
17,1.1720643064762295,2026-05-27 04:34:44.557345,2026-05-27 04:34:45.710693,0 days 00:00:01.153348,10,12,250,31,1250,1250,200,COMPLETE
18,1.3523268534552235,2026-05-27 04:34:45.710756,2026-05-27 04:34:46.894196,0 days 00:00:01.183440,12,5,150,33,1250,1500,100,COMPLETE
19,1.2539271166431447,2026-05-27 04:34:46.894249,2026-05-27 04:34:48.055903,0 days 00:00:01.161654,12,5,100,27,1250,1500,100,COMPLETE
20,1.2539271166431447,2026-05-27 04:34:48.055943,2026-05-27 04:34:49.199041,0 days 00:00:01.143098,12,5,100,27,1250,1500,100,COMPLETE
21,1.2539271166431447,2026-05-27 04:34:49.199103,2026-05-27 04:34:50.358805,0 days 00:00:01.159702,12,5,100,27,1250,1500,100,COMPLETE
22,1.2540776349441671,2026-05-27 04:34:50.358851,2026-05-27 04:34:51.547184,0 days 00:00:01.188333,12,5,150,27,1250,1500,100,COMPLETE
23,1.2540776349441671,2026-05-27 04:34:51.547224,2026-05-27 04:34:52.705455,0 days 00:00:01.158231,12,5,150,27,1250,1500,100,COMPLETE
24,1.398070213226836,2026-05-27 04:34:52.705496,2026-05-27 04:34:53.934577,0 days 00:00:01.229081,14,6,150,29,1250,1500,100,COMPLETE
25,1.323586839788375,2026-05-27 04:34:53.934617,2026-05-27 04:34:55.105916,0 days 00:00:01.171299,14,6,150,29,1500,1500,100,COMPLETE
26,1.3115094581279072,2026-05-27 04:34:55.105956,2026-05-27 04:34:56.247314,0 days 00:00:01.141358,14,8,150,29,1500,1500,100,COMPLETE
27,1.3178532252328166,2026-05-27 04:34:56.247352,2026-05-27 04:34:57.423174,0 days 00:00:01.175822,14,6,150,29,1500,1250,200,COMPLETE
28,1.1091805467188662,2026-05-27 04:34:57.423215,2026-05-27 04:34:58.641427,0 days 00:00:01.218212,14,8,200,33,1500,1500,100,COMPLETE
29,1.1136928541431241,2026-05-27 04:34:58.641470,2026-05-27 04:34:59.780645,0 days 00:00:01.139175,16,6,200,35,1500,750,100,COMPLETE
30,1.2862203540920087,2026-05-27 04:34:59.780684,2026-05-27 04:35:00.947034,0 days 00:00:01.166350,14,6,50,31,1250,1500,100,COMPLETE
31,1.3178532252328166,2026-05-27 04:35:00.947073,2026-05-27 04:35:02.089833,0 days 00:00:01.142760,14,6,150,29,1500,1250,200,COMPLETE
32,1.3133468273582005,2026-05-27 04:35:02.089881,2026-05-27 04:35:03.239079,0 days 00:00:01.149198,14,7,150,29,1500,1250,200,COMPLETE
33,1.2732288539086696,2026-05-27 04:35:03.239121,2026-05-27 04:35:04.387838,0 days 00:00:01.148717,18,6,150,29,1500,1500,200,COMPLETE
34,1.2794565553556294,2026-05-27 04:35:04.387878,2026-05-27 04:35:05.538067,0 days 00:00:01.150189,16,7,100,31,1250,1250,100,COMPLETE
35,1.2758139815519751,2026-05-27 04:35:05.538117,2026-05-27 04:35:06.714100,0 days 00:00:01.175983,14,10,200,29,1000,1500,200,COMPLETE
36,1.2290385852892898,2026-05-27 04:35:06.714145,2026-05-27 04:35:07.858371,0 days 00:00:01.144226,10,5,150,23,1500,1500,100,COMPLETE
37,1.154113387536099,2026-05-27 04:35:07.858424,2026-05-27 04:35:09.098817,0 days 00:00:01.240393,12,9,100,25,1250,1250,300,COMPLETE
38,1.0987732245083286,2026-05-27 04:35:09.098861,2026-05-27 04:35:10.254517,0 days 00:00:01.155656,14,8,200,33,1500,1500,400,COMPLETE
39,1.170782139087969,2026-05-27 04:35:10.254566,2026-05-27 04:35:11.442719,0 days 00:00:01.188153,16,6,150,21,1500,1250,100,COMPLETE
40,1.2959657181737834,2026-05-27 04:35:11.442757,2026-05-27 04:35:12.594561,0 days 00:00:01.151804,12,7,100,29,1250,1500,300,COMPLETE
41,1.3178532252328166,2026-05-27 04:35:12.594613,2026-05-27 04:35:13.769158,0 days 00:00:01.174545,14,6,150,29,1500,1250,200,COMPLETE
42,1.1956860806921503,2026-05-27 04:35:13.769204,2026-05-27 04:35:14.919995,0 days 00:00:01.150791,14,5,150,31,1500,1000,200,COMPLETE
43,1.2235814397787907,2026-05-27 04:35:14.920035,2026-05-27 04:35:16.071698,0 days 00:00:01.151663,14,6,150,25,1500,1000,200,COMPLETE
44,1.2211353436166843,2026-05-27 04:35:16.071744,2026-05-27 04:35:17.223060,0 days 00:00:01.151316,12,7,200,27,1500,1500,100,COMPLETE
45,1.2750350120557319,2026-05-27 04:35:17.223106,2026-05-27 04:35:18.366078,0 days 00:00:01.142972,14,7,150,29,1250,750,300,COMPLETE
46,1.307579811183879,2026-05-27 04:35:18.366125,2026-05-27 04:35:19.568379,0 days 00:00:01.202254,16,5,100,31,1500,1250,200,COMPLETE
47,1.433054541100498,2026-05-27 04:35:19.568426,2026-05-27 04:35:20.714704,0 days 00:00:01.146278,12,6,200,35,1000,1000,100,COMPLETE
48,1.2661218414572961,2026-05-27 04:35:20.714745,2026-05-27 04:35:21.866641,0 days 00:00:01.151896,10,6,200,35,1000,1000,100,COMPLETE
49,1.2622819988058953,2026-05-27 04:35:21.866680,2026-05-27 04:35:23.016620,0 days 00:00:01.149940,12,5,200,35,1000,750,100,COMPLETE
