number,value,datetime_start,datetime_complete,duration,params_fib_tol,params_scan,params_sl_buf,params_ta,params_td,params_ts,state
0,0.95833860664894,2026-05-27 04:36:36.018338,2026-05-27 04:36:38.244191,0 days 00:00:02.225853,300,90,40,1000,500,100,COMPLETE
1,0.9825765929922923,2026-05-27 04:36:38.244230,2026-05-27 04:36:40.522498,0 days 00:00:02.278268,300,80,10,1250,500,500,COMPLETE
2,0.5974505168793687,2026-05-27 04:36:40.522540,2026-05-27 04:36:42.499551,0 days 00:00:01.977011,100,60,90,500,750,300,COMPLETE
3,0.9577024178625236,2026-05-27 04:36:42.499595,2026-05-27 04:36:44.650999,0 days 00:00:02.151404,100,80,50,500,750,200,COMPLETE
4,1.060406284758872,2026-05-27 04:36:44.651043,2026-05-27 04:36:46.845572,0 days 00:00:02.194529,250,60,50,1000,1000,100,COMPLETE
5,1.2159792594858658,2026-05-27 04:36:46.845616,2026-05-27 04:36:48.993133,0 days 00:00:02.147517,100,50,70,1500,1500,500,COMPLETE
6,0.92305809035378,2026-05-27 04:36:48.993174,2026-05-27 04:36:51.119829,0 days 00:00:02.126655,50,90,40,1000,500,300,COMPLETE
7,1.003932535717126,2026-05-27 04:36:51.119873,2026-05-27 04:36:53.173749,0 days 00:00:02.053876,300,60,10,1250,750,300,COMPLETE
8,1.2598542243682562,2026-05-27 04:36:53.173792,2026-05-27 04:36:55.242991,0 days 00:00:02.069199,100,100,60,1250,1500,500,COMPLETE
9,0.7617479162138189,2026-05-27 04:36:55.243031,2026-05-27 04:36:57.207348,0 days 00:00:01.964317,300,50,60,500,500,200,COMPLETE
10,1.260239217045671,2026-05-27 04:36:57.207385,2026-05-27 04:36:59.270849,0 days 00:00:02.063464,200,100,100,1500,1500,400,COMPLETE
11,1.260239217045671,2026-05-27 04:36:59.270886,2026-05-27 04:37:01.353125,0 days 00:00:02.082239,200,100,100,1500,1500,400,COMPLETE
12,1.1499699412267865,2026-05-27 04:37:01.353165,2026-05-27 04:37:03.444276,0 days 00:00:02.091111,200,100,100,1500,1250,400,COMPLETE
13,1.1819213862055107,2026-05-27 04:37:03.444315,2026-05-27 04:37:05.519410,0 days 00:00:02.075095,200,100,80,1500,1250,400,COMPLETE
14,1.0597239758163226,2026-05-27 04:37:05.519452,2026-05-27 04:37:07.635922,0 days 00:00:02.116470,150,90,100,1500,1250,400,COMPLETE
15,1.3428414310691899,2026-05-27 04:37:07.635963,2026-05-27 04:37:09.762916,0 days 00:00:02.126953,200,90,80,750,1500,400,COMPLETE
16,1.2428545730378313,2026-05-27 04:37:09.763002,2026-05-27 04:37:11.937088,0 days 00:00:02.174086,250,80,80,750,1250,400,COMPLETE
17,1.2032697142756912,2026-05-27 04:37:11.937128,2026-05-27 04:37:14.039005,0 days 00:00:02.101877,150,90,80,750,1500,300,COMPLETE
18,0.9919062999415578,2026-05-27 04:37:14.039048,2026-05-27 04:37:16.125646,0 days 00:00:02.086598,250,70,90,750,1000,200,COMPLETE
19,0.9546733024535901,2026-05-27 04:37:16.125683,2026-05-27 04:37:18.195519,0 days 00:00:02.069836,150,90,70,750,1000,500,COMPLETE
20,1.243022111715336,2026-05-27 04:37:18.195562,2026-05-27 04:37:20.284579,0 days 00:00:02.089017,200,70,90,1000,1500,400,COMPLETE
21,1.2543973540895652,2026-05-27 04:37:20.284620,2026-05-27 04:37:22.365098,0 days 00:00:02.080478,200,100,100,1250,1500,400,COMPLETE
22,1.1608794530809636,2026-05-27 04:37:22.365139,2026-05-27 04:37:24.407556,0 days 00:00:02.042417,250,100,100,1500,1250,400,COMPLETE
23,1.2695606632907448,2026-05-27 04:37:24.407601,2026-05-27 04:37:26.487211,0 days 00:00:02.079610,200,100,90,1250,1500,500,COMPLETE
24,1.2143031091802186,2026-05-27 04:37:26.487285,2026-05-27 04:37:28.531836,0 days 00:00:02.044551,150,90,70,1250,1500,500,COMPLETE
25,1.1602868070507666,2026-05-27 04:37:28.531888,2026-05-27 04:37:30.597866,0 days 00:00:02.065978,250,100,90,1250,1250,500,COMPLETE
26,1.2648175934215633,2026-05-27 04:37:30.597923,2026-05-27 04:37:32.662591,0 days 00:00:02.064668,200,90,80,1000,1500,500,COMPLETE
27,1.3055775557771097,2026-05-27 04:37:32.662639,2026-05-27 04:37:34.700848,0 days 00:00:02.038209,150,80,80,750,1250,500,COMPLETE
28,1.3093635439951834,2026-05-27 04:37:34.700913,2026-05-27 04:37:36.772106,0 days 00:00:02.071193,150,80,70,750,1250,500,COMPLETE
29,1.0179944479022545,2026-05-27 04:37:36.772144,2026-05-27 04:37:38.864417,0 days 00:00:02.092273,50,80,30,750,1000,500,COMPLETE
30,1.3093635439951834,2026-05-27 04:37:38.864480,2026-05-27 04:37:40.936538,0 days 00:00:02.072058,150,70,70,750,1250,500,COMPLETE
31,1.3093635439951834,2026-05-27 04:37:40.936580,2026-05-27 04:37:42.987156,0 days 00:00:02.050576,150,70,70,750,1250,500,COMPLETE
32,1.1497838286740791,2026-05-27 04:37:42.987195,2026-05-27 04:37:45.072564,0 days 00:00:02.085369,150,70,60,500,1250,500,COMPLETE
33,0.9865766089154501,2026-05-27 04:37:45.072604,2026-05-27 04:37:47.174549,0 days 00:00:02.101945,100,70,70,750,1000,500,COMPLETE
34,1.1073748117044357,2026-05-27 04:37:47.174595,2026-05-27 04:37:49.221712,0 days 00:00:02.047117,150,60,70,500,1250,400,COMPLETE
35,1.0113703551098265,2026-05-27 04:37:49.221752,2026-05-27 04:37:51.287444,0 days 00:00:02.065692,100,70,60,1000,1000,500,COMPLETE
36,1.1479066294438969,2026-05-27 04:37:51.287488,2026-05-27 04:37:53.330721,0 days 00:00:02.043233,150,80,50,750,1250,100,COMPLETE
37,1.1645464602726086,2026-05-27 04:37:53.330770,2026-05-27 04:37:55.371859,0 days 00:00:02.041089,100,60,40,500,1250,500,COMPLETE
38,0.9434986341448772,2026-05-27 04:37:55.371909,2026-05-27 04:37:57.412270,0 days 00:00:02.040361,150,70,70,750,750,400,COMPLETE
39,1.027119655521165,2026-05-27 04:37:57.412315,2026-05-27 04:37:59.442904,0 days 00:00:02.030589,100,80,50,1000,1000,500,COMPLETE
40,1.0898251287598135,2026-05-27 04:37:59.442952,2026-05-27 04:38:01.475832,0 days 00:00:02.032880,150,60,60,500,1250,300,COMPLETE
41,1.3055775557771097,2026-05-27 04:38:01.475883,2026-05-27 04:38:03.528192,0 days 00:00:02.052309,150,80,80,750,1250,500,COMPLETE
42,1.3055775557771097,2026-05-27 04:38:03.528246,2026-05-27 04:38:05.564472,0 days 00:00:02.036226,150,80,80,750,1250,500,COMPLETE
43,1.3503468513155537,2026-05-27 04:38:05.564515,2026-05-27 04:38:07.575116,0 days 00:00:02.010601,100,70,70,750,1250,500,COMPLETE
44,1.301084220379084,2026-05-27 04:38:07.575154,2026-05-27 04:38:09.724338,0 days 00:00:02.149184,50,70,70,1000,1500,500,COMPLETE
45,0.9540823095523748,2026-05-27 04:38:09.724388,2026-05-27 04:38:11.902040,0 days 00:00:02.177652,50,70,60,500,1000,400,COMPLETE
46,1.3460431306836347,2026-05-27 04:38:11.902096,2026-05-27 04:38:13.948304,0 days 00:00:02.046208,100,60,70,750,1250,500,COMPLETE
47,1.3760721338755837,2026-05-27 04:38:13.948348,2026-05-27 04:38:15.983274,0 days 00:00:02.034926,100,50,60,750,1500,500,COMPLETE
48,1.2868074167656156,2026-05-27 04:38:15.983309,2026-05-27 04:38:18.026090,0 days 00:00:02.042781,100,50,40,1000,1500,400,COMPLETE
49,1.2759598326511152,2026-05-27 04:38:18.026127,2026-05-27 04:38:20.087981,0 days 00:00:02.061854,100,50,60,500,1500,300,COMPLETE
